[debug] [2024-11-18T16:38:58.962Z] ----------------------------------------------------------------------
[debug] [2024-11-18T16:38:58.966Z] Command:       /nix/store/aspnwxp3q1wvg8jd1zg0295zmhr3lkb3-nodejs-18.19.1/bin/node /nix/store/4y5y11gp7fmn3rr6wm7skwjrbqfy4bbw-firebase-tools-13.23.0/lib/node_modules/firebase-tools/lib/bin/firebase.js init hosting
[debug] [2024-11-18T16:38:58.967Z] CLI Version:   13.23.0
[debug] [2024-11-18T16:38:58.967Z] Platform:      linux
[debug] [2024-11-18T16:38:58.968Z] Node Version:  v18.19.1
[debug] [2024-11-18T16:38:58.968Z] Time:          Mon Nov 18 2024 16:38:58 GMT+0000 (Coordinated Universal Time)
[debug] [2024-11-18T16:38:58.968Z] ----------------------------------------------------------------------
[debug] 
[debug] [2024-11-18T16:38:58.987Z] > command requires scopes: ["email","openid","https://www.googleapis.com/auth/cloudplatformprojects.readonly","https://www.googleapis.com/auth/firebase","https://www.googleapis.com/auth/cloud-platform"]
[debug] [2024-11-18T16:38:58.992Z] > authorizing via signed-in user (tuxltuxl001@gmail.com)
[info] 
     ######## #### ########  ######## ########     ###     ######  ########
     ##        ##  ##     ## ##       ##     ##  ##   ##  ##       ##
     ######    ##  ########  ######   ########  #########  ######  ######
     ##        ##  ##    ##  ##       ##     ## ##     ##       ## ##
     ##       #### ##     ## ######## ########  ##     ##  ######  ########

You're about to initialize a Firebase project in this directory:

  /home/user/ma-server

[info] 
=== Project Setup
[info] 
[info] First, let's associate this project directory with a Firebase project.
[info] You can create multiple project aliases by running firebase use --add, 
[info] but for now we'll just set up a default project.
[info] 
[debug] [2024-11-18T16:38:59.046Z] No OAuth tokens found
[debug] [2024-11-18T16:38:59.047Z] No OAuth tokens found
[debug] [2024-11-18T16:38:59.047Z] > command requires scopes: ["email","openid","https://www.googleapis.com/auth/cloudplatformprojects.readonly","https://www.googleapis.com/auth/firebase","https://www.googleapis.com/auth/cloud-platform"]
[debug] [2024-11-18T16:38:59.048Z] > authorizing via signed-in user (tuxltuxl001@gmail.com)
[debug] [2024-11-18T16:38:59.050Z] >>> [apiv2][query] GET https://firebase.googleapis.com/v1beta1/projects pageSize=100
[debug] [2024-11-18T16:38:59.725Z] <<< [apiv2][status] GET https://firebase.googleapis.com/v1beta1/projects 200
[debug] [2024-11-18T16:38:59.726Z] <<< [apiv2][body] GET https://firebase.googleapis.com/v1beta1/projects [omitted]
[info] i  Using project wassup-niggas (MC Server) 
[info] 
=== Hosting Setup
[debug] [2024-11-18T16:39:01.650Z] No OAuth tokens found
[debug] [2024-11-18T16:39:01.650Z] No OAuth tokens found
[debug] [2024-11-18T16:39:01.651Z] > command requires scopes: ["email","openid","https://www.googleapis.com/auth/cloudplatformprojects.readonly","https://www.googleapis.com/auth/firebase","https://www.googleapis.com/auth/cloud-platform"]
[debug] [2024-11-18T16:39:01.651Z] > authorizing via signed-in user (tuxltuxl001@gmail.com)
[debug] [2024-11-18T16:39:01.651Z] >>> [apiv2][query] GET https://firebase.googleapis.com/v1beta1/projects/wassup-niggas [none]
[debug] [2024-11-18T16:39:01.982Z] <<< [apiv2][status] GET https://firebase.googleapis.com/v1beta1/projects/wassup-niggas 200
[debug] [2024-11-18T16:39:01.983Z] <<< [apiv2][body] GET https://firebase.googleapis.com/v1beta1/projects/wassup-niggas {"projectId":"wassup-niggas","projectNumber":"194493825232","displayName":"MC Server","name":"projects/wassup-niggas","resources":{"hostingSite":"wassup-niggas"},"state":"ACTIVE","etag":"1_71068523-b7c3-4e42-b0e0-802bafd2c444"}
[info] 
[info] Your public directory is the folder (relative to your project directory) that
[info] will contain Hosting assets to be uploaded with firebase deploy. If you
[info] have a build process for your assets, use your build's output directory.
[info] 
[debug] [2024-11-18T16:39:09.625Z] >>> [apiv2][query] GET https://www.gstatic.com/firebasejs/releases.json [none]
[debug] [2024-11-18T16:39:09.649Z] <<< [apiv2][status] GET https://www.gstatic.com/firebasejs/releases.json 200
[debug] [2024-11-18T16:39:09.649Z] <<< [apiv2][body] GET https://www.gstatic.com/firebasejs/releases.json {"current":{"version":"11.0.2","browserURL":"https://www.gstatic.com/firebasejs/11.0.2/firebase.js","packageURL":"https://www.gstatic.com/firebasejs/11.0.2/firebase.tgz"},"live":{"version":"11.0","browserURL":"https://www.gstatic.com/firebasejs/live/11.0/firebase.js","packageURL":"https://www.gstatic.com/firebasejs/live/11.0/firebase.tgz"},"components":{"analytics":"https://www.gstatic.com/firebasejs/11.0.2/firebase-analytics.js","app":"https://www.gstatic.com/firebasejs/11.0.2/firebase-app.js","app-check":"https://www.gstatic.com/firebasejs/11.0.2/firebase-app-check.js","auth":"https://www.gstatic.com/firebasejs/11.0.2/firebase-auth.js","auth/cordova":"https://www.gstatic.com/firebasejs/11.0.2/firebase-auth/cordova.js","auth/web-extension":"https://www.gstatic.com/firebasejs/11.0.2/firebase-auth/web-extension.js","functions":"https://www.gstatic.com/firebasejs/11.0.2/firebase-functions.js","firestore":"https://www.gstatic.com/firebasejs/11.0.2/firebase-firestore.js","firestore/lite":"https://www.gstatic.com/firebasejs/11.0.2/firebase-firestore/lite.js","installations":"https://www.gstatic.com/firebasejs/11.0.2/firebase-installations.js","storage":"https://www.gstatic.com/firebasejs/11.0.2/firebase-storage.js","performance":"https://www.gstatic.com/firebasejs/11.0.2/firebase-performance.js","remote-config":"https://www.gstatic.com/firebasejs/11.0.2/firebase-remote-config.js","messaging":"https://www.gstatic.com/firebasejs/11.0.2/firebase-messaging.js","messaging/sw":"https://www.gstatic.com/firebasejs/11.0.2/firebase-messaging/sw.js","database":"https://www.gstatic.com/firebasejs/11.0.2/firebase-database.js","vertexai":"https://www.gstatic.com/firebasejs/11.0.2/firebase-vertexai.js","data-connect":"https://www.gstatic.com/firebasejs/11.0.2/firebase-data-connect.js","firestore.memory":"https://www.gstatic.com/firebasejs/11.0.2/firebase-firestore.memory.js"}}
[info] i  public/index.html is unchanged 
[info] 
[info] i  Didn't detect a .git folder. Assuming /home/user/ma-server is the project root. 
[info] i  Authorizing with GitHub to upload your service account to a GitHub repository's secrets store. 
[info] 
[info] Visit this URL on this device to log in:
[info] https://github.com/login/oauth/authorize?client_id=89cf50f02ac6aaed3484&state=854867408&redirect_uri=http%3A%2F%2Flocalhost%3A9005&scope=read%3Auser%20repo%20public_repo
[info] 
[info] Waiting for authentication...
