[13:19:32] [ServerMain/INFO]: [bootstrap] Running Java 21 (OpenJDK 64-Bit Server VM 21.0.1+12-LTS; Eclipse Adoptium Temurin-21.0.1+12) on Linux 6.1.112+ (amd64)
[13:19:32] [ServerMain/INFO]: [bootstrap] Loading Paper 1.21.3-44-master@85bfdc0 (2024-11-19T11:26:52Z) for Minecraft 1.21.3
[13:19:32] [ServerMain/WARN]: [oshi.software.os.linux.LinuxOperatingSystem] Did not find udev library in operating system. Some features may not work.
[13:19:33] [ServerMain/INFO]: [PluginInitializerManager] Initializing plugins...
[13:19:35] [ServerMain/INFO]: [PluginInitializerManager] Initialized 12 plugins
[13:19:35] [ServerMain/INFO]: [PluginInitializerManager] Bukkit plugins (12):
 - BlueMap (5.5), Chunky (1.4.28), Geyser-Spigot (2.5.0-SNAPSHOT), GoldenDupes (1.5.3), Pl3xMap (1.21.3-510), VeinMiner (2.2.6), ViaBackwards (5.1.1), ViaRewind (4.0.3), ViaVersion (5.1.1), WorldEdit (7.3.9-beta-01+e8aa544), floodgate (2.2.3-SNAPSHOT (b114-83fbd6e)), voicechat (2.5.25)
[13:19:44] [ServerMain/WARN]: You specified a resource pack without providing a sha1 hash. Pack will be updated on the client only if you change the name of the pack.
[13:19:44] [ServerMain/WARN]: resource-pack-id missing, using default of 15cadfbd-a540-381f-8b18-80045e908bbd
[13:19:44] [ServerMain/INFO]: Environment: Environment[sessionHost=https://sessionserver.mojang.com, servicesHost=https://api.minecraftservices.com, name=PROD]
[13:19:49] [ServerMain/INFO]: Loaded 1337 recipes
[13:19:49] [ServerMain/INFO]: Loaded 1448 advancements
[13:19:50] [Server thread/INFO]: Starting minecraft server version 1.21.3
[13:19:50] [Server thread/INFO]: Loading properties
[13:19:50] [Server thread/INFO]: This server is running Paper version 1.21.3-44-master@85bfdc0 (2024-11-19T11:26:52Z) (Implementing API version 1.21.3-R0.1-SNAPSHOT)
[13:19:51] [Server thread/INFO]: [spark] This server bundles the spark profiler. For more information please visit https://docs.papermc.io/paper/profiling
[13:19:51] [Server thread/INFO]: Server Ping Player Sample Count: 12
[13:19:51] [Server thread/INFO]: Using 4 threads for Netty based IO
[13:19:53] [Server thread/INFO]: [MoonriseCommon] Paper is using 1 worker threads, 1 I/O threads
[13:19:54] [Server thread/INFO]: [ChunkTaskScheduler] Chunk system is using population gen parallelism: true
[13:19:54] [Server thread/INFO]: Default game type: SURVIVAL
[13:19:54] [Server thread/INFO]: Generating keypair
[13:19:54] [Server thread/INFO]: Starting Minecraft server on 127.0.0.1:25565
[13:19:54] [Server thread/INFO]: Using epoll channel type
[13:19:54] [Server thread/INFO]: Paper: Using libdeflate (Linux x86_64) compression from Velocity.
[13:19:54] [Server thread/INFO]: Paper: Using Java cipher from Velocity.
[13:19:59] [Server thread/INFO]: [ViaVersion] Loading server plugin ViaVersion v5.1.1
[13:19:59] [Server thread/INFO]: [ViaVersion] ViaVersion 5.1.1 is now loaded. Registering protocol transformers and injecting...
[13:20:00] [Via-Mappingloader-0/INFO]: [ViaVersion] Loading block connection mappings ...
[13:20:01] [Via-Mappingloader-0/INFO]: [ViaVersion] Using FastUtil Long2ObjectOpenHashMap for block connections
[13:20:01] [Server thread/INFO]: [ViaBackwards] Loading translations...
[13:20:01] [Server thread/INFO]: [ViaBackwards] Registering protocols...
[13:20:02] [Server thread/INFO]: [ViaRewind] Registering protocols...
[13:20:03] [Server thread/INFO]: [BlueMap] Loading server plugin BlueMap v5.5
[13:20:03] [Server thread/INFO]: [ViaBackwards] Loading server plugin ViaBackwards v5.1.1
[13:20:03] [Server thread/INFO]: [floodgate] Loading server plugin floodgate v2.2.3-SNAPSHOT (b114-83fbd6e)
[13:20:04] [Server thread/INFO]: [floodgate] Took 1,428ms to boot Floodgate
[13:20:04] [Server thread/INFO]: [Chunky] Loading server plugin Chunky v1.4.28
[13:20:04] [Server thread/INFO]: [GoldenDupes] Loading server plugin GoldenDupes v1.5.3
[13:20:04] [Server thread/INFO]: [ViaRewind] Loading server plugin ViaRewind v4.0.3
[13:20:04] [Server thread/INFO]: [VeinMiner] Loading server plugin VeinMiner v2.2.6
[13:20:04] [Server thread/INFO]: [Geyser-Spigot] Loading server plugin Geyser-Spigot v2.5.0-SNAPSHOT
[13:20:06] [Server thread/INFO]: [Geyser-Spigot] Loading extensions...
[13:20:06] [Server thread/INFO]: [Geyser-Spigot] Loaded 0 extension(s)
[13:20:06] [Server thread/INFO]: [Pl3xMap] Loading server plugin Pl3xMap v1.21.3-510
[13:20:06] [Server thread/INFO]: [WorldEdit] Loading server plugin WorldEdit v7.3.9-beta-01+e8aa544
[13:20:07] [Server thread/INFO]: Got request to register class com.sk89q.worldedit.bukkit.BukkitServerInterface with WorldEdit [com.sk89q.worldedit.extension.platform.PlatformManager@2f004b8a]
[13:20:07] [Server thread/INFO]: [voicechat] Loading server plugin voicechat v2.5.25
[13:20:07] [Server thread/INFO]: Server permissions file permissions.yml is empty, ignoring it
[13:20:07] [Server thread/INFO]: [ViaRewind] Enabling ViaRewind v4.0.3
[13:20:07] [Server thread/INFO]: [WorldEdit] Enabling WorldEdit v7.3.9-beta-01+e8aa544
[13:20:07] [Server thread/INFO]: Registering commands with com.sk89q.worldedit.bukkit.BukkitServerInterface
[13:20:07] [Server thread/INFO]: WEPIF: Using the Bukkit Permissions API.
[13:20:09] [Server thread/INFO]: Using com.sk89q.worldedit.bukkit.adapter.impl.v1_21_3.PaperweightAdapter as the Bukkit adapter
[13:20:13] [Server thread/WARN]: **** SERVER IS RUNNING IN OFFLINE/INSECURE MODE!
[13:20:13] [Server thread/WARN]: The server will make no attempt to authenticate usernames. Beware.
[13:20:13] [Server thread/WARN]: While this makes the game possible to play without internet access, it also opens up the ability for hackers to connect with any username they choose.
[13:20:13] [Server thread/WARN]: To change this, set "online-mode" to "true" in the server.properties file.
[13:20:13] [Server thread/INFO]: Preparing level "Boombastic SMP"
[13:20:16] [Server thread/INFO]: Preparing start region for dimension minecraft:overworld
[13:20:16] [Paper Common Worker #0/INFO]: [MCTypeRegistry] Initialising converters for DataConverter...
[13:20:17] [Paper Common Worker #0/INFO]: [MCTypeRegistry] Finished initialising converters for DataConverter in 1,103.3ms
[13:20:17] [Server thread/INFO]: Preparing spawn area: 0%
[13:20:17] [Server thread/INFO]: Preparing spawn area: 0%
[13:20:17] [Server thread/INFO]: Preparing spawn area: 0%
[13:20:17] [Server thread/INFO]: Preparing spawn area: 0%
[13:20:19] [Server thread/INFO]: Preparing spawn area: 0%
[13:20:19] [Server thread/INFO]: Preparing spawn area: 0%
[13:20:19] [Server thread/INFO]: Preparing spawn area: 0%
[13:20:19] [Server thread/INFO]: Preparing spawn area: 0%
[13:20:20] [Server thread/INFO]: Preparing spawn area: 0%
[13:20:20] [Server thread/INFO]: Time elapsed: 4378 ms
[13:20:20] [Server thread/INFO]: Preparing start region for dimension minecraft:the_nether
[13:20:20] [Server thread/INFO]: Preparing spawn area: 0%
[13:20:20] [Server thread/INFO]: Preparing spawn area: 85%
[13:20:21] [Server thread/INFO]: Time elapsed: 555 ms
[13:20:21] [Server thread/INFO]: Preparing start region for dimension minecraft:the_end
[13:20:21] [Server thread/INFO]: Preparing spawn area: 0%
[13:20:21] [Server thread/INFO]: Time elapsed: 380 ms
[13:20:21] [Server thread/INFO]: [ViaVersion] Enabling ViaVersion v5.1.1
[13:20:21] [Server thread/INFO]: [ViaVersion] ViaVersion detected server version: 1.21.2-1.21.3 (768)
[13:20:21] [Server thread/INFO]: [BlueMap] Enabling BlueMap v5.5
[13:20:21] [Server thread/INFO]: [BlueMap] Saving all worlds once, to make sure the level.dat is present...
[13:20:21] [Server thread/WARN]: A manual (plugin-induced) save has been detected while server is configured to auto-save. This may affect performance.
[13:20:22] [Server thread/INFO]: [ViaBackwards] Enabling ViaBackwards v5.1.1
[13:20:22] [Server thread/INFO]: [floodgate] Enabling floodgate v2.2.3-SNAPSHOT (b114-83fbd6e)
[13:20:23] [Server thread/INFO]: [Chunky] Enabling Chunky v1.4.28
[13:20:24] [Server thread/INFO]: [GoldenDupes] Enabling GoldenDupes v1.5.3
[13:20:24] [Server thread/INFO]: do shulkers exist? true
[13:20:24] [Server thread/INFO]: do totems exist? true
[13:20:24] [Server thread/INFO]: legacy totems? false
[13:20:24] [Server thread/INFO]: [VeinMiner] Enabling VeinMiner v2.2.6
[13:20:24] [Server thread/INFO]: [VeinMiner] Loading configuration options to local memory
[13:20:24] [Server thread/INFO]: [VeinMiner] Added 13 aliases.
[13:20:24] [Server thread/INFO]: [VeinMiner] Registered category with id "Axe" holding 6 unique items and 26 unique blocks.
[13:20:24] [Server thread/INFO]: [VeinMiner] Registered category with id "Hoe" holding 6 unique items and 10 unique blocks.
[13:20:24] [Server thread/INFO]: [VeinMiner] Registered category with id "Pickaxe" holding 6 unique items and 23 unique blocks.
[13:20:24] [Server thread/INFO]: [VeinMiner] Registered category with id "Shears" holding 1 unique items and 27 unique blocks.
[13:20:24] [Server thread/INFO]: [VeinMiner] Registered category with id "Shovel" holding 6 unique items and 10 unique blocks.
[13:20:24] [Server thread/WARN]: [VeinMiner] No block list configured for category with id "Hand"! Is this intentional?
[13:20:24] [Server thread/INFO]: [VeinMiner] Registered category with id "Hand" holding 0 unique items and 0 unique blocks.
[13:20:24] [Server thread/INFO]: [VeinMiner] Performing an update check!
[13:20:24] [Server thread/INFO]: [VeinMiner] Registering commands
[13:20:24] [Server thread/INFO]: [VeinMiner] Registering events
[13:20:24] [Server thread/INFO]: [VeinMiner] Vault not found. Economy support suspended
[13:20:24] [Server thread/INFO]: [VeinMiner] Enabling Plugin Metrics
[13:20:24] [Server thread/INFO]: [VeinMiner] Thanks for enabling Metrics! The anonymous stats are appreciated
[13:20:24] [Server thread/INFO]: [Geyser-Spigot] Enabling Geyser-Spigot v2.5.0-SNAPSHOT
[13:20:24] [Thread-14/INFO]: [VeinMiner] You are on the latest version of VeinMiner!
[13:20:25] [Thread-13/INFO]: [VeinMiner] Using SQLITE for persistent storage.
[13:20:25] [Server thread/INFO]: [Pl3xMap] Enabling Pl3xMap v1.21.3-510
[13:20:29] [Server thread/INFO]: [Pl3xMap] [INFO] Internal webserver running on 0.0.0.0:8080
[13:20:29] [Server thread/INFO]: [Pl3xMap] [INFO] Platform: paper
[13:20:29] [Server thread/INFO]: [Pl3xMap] [INFO] Version: 1.21.3-510
[13:20:30] [Server thread/INFO]: [voicechat] Enabling voicechat v2.5.25
[13:20:30] [Server thread/INFO]: [voicechat] Initializing compatibility for Bukkit version 1.21.3-R0.1
[13:20:30] [Server thread/INFO]: [voicechat] Compatibility version 18
[13:20:30] [Server thread/INFO]: [voicechat] Successfully initialized commodore command completion
[13:20:30] [Server thread/INFO]: [voicechat] Successfully added ViaVersion mappings
[13:20:30] [Server thread/INFO]: [spark] Starting background profiler...
[13:20:31] [Server thread/INFO]: [Geyser-Spigot] ******************************************
[13:20:31] [Server thread/INFO]: [Geyser-Spigot] 
[13:20:31] [Server thread/INFO]: [Geyser-Spigot] Loading Geyser version 2.5.0-b715 (git-master-abf6860)
[13:20:31] [Server thread/INFO]: [Geyser-Spigot] 
[13:20:31] [Server thread/INFO]: [Geyser-Spigot] ******************************************
[13:20:51] [epollEventLoopGroup-3-1/INFO]: [Geyser-Spigot] Started Geyser on UDP port 19132
[13:20:51] [Server thread/INFO]: [Geyser-Spigot] Done (19.762s)! Run /geyser help for help!
[13:20:52] [Server thread/INFO]: Done preparing level "Boombastic SMP" (38.809s)
[13:20:52] [Server thread/INFO]: Starting remote control listener
[13:20:52] [Server thread/INFO]: Thread RCON Listener started
[13:20:52] [Server thread/INFO]: RCON running on 127.0.0.1:25575
[13:20:52] [Server thread/INFO]: Running delayed init tasks
[13:20:52] [Server thread/INFO]: Done (81.982s)! For help, type "help"
[13:20:52] [Craft Scheduler Thread - 5 - ViaVersion/INFO]: [ViaVersion] Finished mapping loading, shutting down loader executor.
[13:20:52] [Craft Scheduler Thread - 6 - BlueMap/INFO]: [BlueMap] Loading...
[13:20:52] [Server thread/INFO]: [voicechat] Loading plugins
[13:20:52] [Server thread/INFO]: [voicechat] Loaded 0 plugin(s)
[13:20:52] [Server thread/INFO]: [voicechat] Initializing plugins
[13:20:52] [Server thread/INFO]: [voicechat] Initialized 0 plugin(s)
[13:20:52] [Server thread/WARN]: [voicechat] Running in offline mode - Voice chat encryption is not secure!
[13:20:52] [VoiceChatServerThread/INFO]: [voicechat] Voice host is '147.185.221.18:1646'
[13:20:52] [VoiceChatServerThread/INFO]: [voicechat] Voice chat server started at port 24454
[13:20:54] [Craft Scheduler Thread - 6 - BlueMap/INFO]: [BlueMap] Loading resources...
[13:20:58] [Craft Scheduler Thread - 6 - BlueMap/INFO]: [BlueMap] Loading textures...
[13:21:03] [Craft Scheduler Thread - 6 - BlueMap/INFO]: [BlueMap] Baking resources...
[13:21:03] [Craft Scheduler Thread - 6 - BlueMap/INFO]: [BlueMap] Resources loaded.
[13:21:03] [Craft Scheduler Thread - 6 - BlueMap/INFO]: [BlueMap] Initializing Storage: 'file' (Type: 'bluemap:file')
[13:21:03] [Craft Scheduler Thread - 6 - BlueMap/INFO]: [BlueMap] Loading map 'boombastic_smp_the_end'...
[13:21:04] [Craft Scheduler Thread - 6 - BlueMap/INFO]: [BlueMap] Loading map 'boombastic_smp_nether'...
[13:21:05] [Craft Scheduler Thread - 6 - BlueMap/INFO]: [BlueMap] Loading map 'boombastic_smp'...
[13:21:06] [Craft Scheduler Thread - 6 - BlueMap/INFO]: [BlueMap] WebServer bound to all network interfaces on port 8100
[13:21:06] [Thread-25/INFO]: [BlueMap] WebServer started.
[13:21:06] [Craft Scheduler Thread - 6 - BlueMap/INFO]: [BlueMap] Loaded!
[13:30:58] [Server thread/INFO]: Stopping the server
[13:30:58] [Server thread/INFO]: Stopping server
[13:30:58] [Server thread/INFO]: [voicechat] Disabling voicechat v2.5.25
[13:30:58] [Server thread/INFO]: [WorldEdit] Disabling WorldEdit v7.3.9-beta-01+e8aa544
[13:30:58] [Server thread/INFO]: Unregistering com.sk89q.worldedit.bukkit.BukkitServerInterface from WorldEdit
[13:30:58] [Server thread/INFO]: [Pl3xMap] Disabling Pl3xMap v1.21.3-510
[13:30:58] [Server thread/INFO]: [Pl3xMap] [INFO] Internal webserver stopped
[13:30:58] [Server thread/INFO]: [Geyser-Spigot] Disabling Geyser-Spigot v2.5.0-SNAPSHOT
[13:30:58] [Server thread/INFO]: [Geyser-Spigot] Shutting down Geyser.
[13:30:58] [Server thread/INFO]: [Geyser-Spigot] Geyser shutdown successfully.
[13:30:58] [Server thread/INFO]: [VeinMiner] Disabling VeinMiner v2.2.6
[13:30:58] [Server thread/INFO]: [VeinMiner] Clearing localized data
[13:30:58] [Server thread/INFO]: [ViaRewind] Disabling ViaRewind v4.0.3
[13:30:58] [Server thread/INFO]: [GoldenDupes] Disabling GoldenDupes v1.5.3
[13:30:58] [Server thread/INFO]: [Chunky] Disabling Chunky v1.4.28
[13:30:58] [Server thread/INFO]: [floodgate] Disabling floodgate v2.2.3-SNAPSHOT (b114-83fbd6e)
[13:30:58] [Server thread/INFO]: [ViaBackwards] Disabling ViaBackwards v5.1.1
[13:30:58] [Server thread/INFO]: [BlueMap] Disabling BlueMap v5.5
[13:30:58] [Server thread/INFO]: [BlueMap] Stopping...
[13:30:58] [Server thread/INFO]: [BlueMap] Saved and stopped!
[13:30:58] [Server thread/INFO]: [ViaVersion] Disabling ViaVersion v5.1.1
[13:30:58] [Server thread/INFO]: [ViaVersion] ViaVersion has been disabled; uninjected the platform and shut down the scheduler.
[13:30:58] [Server thread/INFO]: Saving players
[13:30:58] [Server thread/INFO]: Saving worlds
[13:30:58] [Server thread/INFO]: Saving chunks for level 'ServerLevel[Boombastic SMP]'/minecraft:overworld
[13:30:58] [Server thread/INFO]: [ChunkHolderManager] Waiting 60s for chunk system to halt for world 'Boombastic SMP'
[13:30:58] [Server thread/INFO]: [ChunkHolderManager] Halted chunk system for world 'Boombastic SMP'
[13:30:58] [Server thread/INFO]: [ChunkHolderManager] Saving all chunkholders for world 'Boombastic SMP'
[13:30:58] [WebSocketConnectReadThread-123/INFO]: [Geyser-Spigot] The skin uploader has been closed
[13:30:58] [Server thread/INFO]: [ChunkHolderManager] Saved 0 block chunks, 41 entity chunks, 0 poi chunks in world 'Boombastic SMP' in 0.06s
[13:30:58] [Server thread/INFO]: [ChunkHolderManager] Waiting 60s for chunk I/O to halt for world 'Boombastic SMP'
[13:30:58] [Server thread/INFO]: [ChunkHolderManager] Halted I/O scheduler for world 'Boombastic SMP'
[13:30:58] [Server thread/INFO]: Saving chunks for level 'ServerLevel[Boombastic SMP_nether]'/minecraft:the_nether
[13:30:58] [Server thread/INFO]: [ChunkHolderManager] Waiting 60s for chunk system to halt for world 'Boombastic SMP_nether'
[13:30:58] [Server thread/INFO]: [ChunkHolderManager] Halted chunk system for world 'Boombastic SMP_nether'
[13:30:58] [Server thread/INFO]: [ChunkHolderManager] Saving all chunkholders for world 'Boombastic SMP_nether'
[13:30:58] [Server thread/INFO]: [ChunkHolderManager] Saved 0 block chunks, 0 entity chunks, 0 poi chunks in world 'Boombastic SMP_nether' in 0.00s
[13:30:58] [Server thread/INFO]: [ChunkHolderManager] Waiting 60s for chunk I/O to halt for world 'Boombastic SMP_nether'
[13:30:58] [Server thread/INFO]: [ChunkHolderManager] Halted I/O scheduler for world 'Boombastic SMP_nether'
[13:30:58] [Server thread/INFO]: Saving chunks for level 'ServerLevel[Boombastic SMP_the_end]'/minecraft:the_end
[13:30:58] [Server thread/INFO]: [ChunkHolderManager] Waiting 60s for chunk system to halt for world 'Boombastic SMP_the_end'
[13:30:58] [Server thread/INFO]: [ChunkHolderManager] Halted chunk system for world 'Boombastic SMP_the_end'
[13:30:58] [Server thread/INFO]: [ChunkHolderManager] Saving all chunkholders for world 'Boombastic SMP_the_end'
[13:30:58] [Server thread/INFO]: [ChunkHolderManager] Saved 0 block chunks, 10 entity chunks, 0 poi chunks in world 'Boombastic SMP_the_end' in 0.01s
[13:30:58] [Server thread/INFO]: [ChunkHolderManager] Waiting 60s for chunk I/O to halt for world 'Boombastic SMP_the_end'
[13:30:58] [Server thread/INFO]: [ChunkHolderManager] Halted I/O scheduler for world 'Boombastic SMP_the_end'
[13:30:58] [Server thread/INFO]: ThreadedAnvilChunkStorage (Boombastic SMP): All chunks are saved
[13:30:58] [Server thread/INFO]: ThreadedAnvilChunkStorage (DIM-1): All chunks are saved
[13:30:58] [Server thread/INFO]: ThreadedAnvilChunkStorage (DIM1): All chunks are saved
[13:30:58] [Server thread/INFO]: ThreadedAnvilChunkStorage: All dimensions are saved
[13:30:58] [Server thread/INFO]: Waiting for I/O tasks to complete...
[13:30:58] [Server thread/INFO]: All I/O tasks to complete
[13:30:58] [Server thread/INFO]: [MoonriseCommon] Awaiting termination of worker pool for up to 60s...
[13:30:58] [Server thread/INFO]: [MoonriseCommon] Awaiting termination of I/O pool for up to 60s...
