[2024-11-20 13:20:54][INFO] Loading resources...
[2024-11-20 13:20:54][FINE] Loading resources from: bluemap/resourceExtensions.zip ...
[2024-11-20 13:20:56][FINE] Loading resources from: bluemap/minecraft-client-1.21.3.jar ...
[2024-11-20 13:20:58][INFO] Loading textures...
[2024-11-20 13:20:58][FINE] Loading textures from: bluemap/resourceExtensions.zip ...
[2024-11-20 13:20:58][FINE] Loading textures from: bluemap/minecraft-client-1.21.3.jar ...
[2024-11-20 13:21:03][INFO] Baking resources...
[2024-11-20 13:21:03][INFO] Resources loaded.
[2024-11-20 13:21:03][FINE] Loading world Boombastic SMP_the_end#minecraft:the_end ...
[2024-11-20 13:21:03][FINE] Loading datapack...
[2024-11-20 13:21:03][FINE] Loading datapack from: bluemap/resourceExtensions.zip ...
[2024-11-20 13:21:03][FINE] Loading datapack from: bluemap/minecraft-client-1.21.3.jar ...
[2024-11-20 13:21:03][FINE] Baking datapack...
[2024-11-20 13:21:03][FINE] Datapack loaded.
[2024-11-20 13:21:03][INFO] Initializing Storage: 'file' (Type: 'bluemap:file')
[2024-11-20 13:21:03][INFO] Loading map 'boombastic_smp_the_end'...
[2024-11-20 13:21:03][FINE] Loading render-state for map 'boombastic_smp_the_end'
[2024-11-20 13:21:03][FINE] Loading textures for map 'boombastic_smp_the_end'
[2024-11-20 13:21:04][FINE] Loading world Boombastic SMP_nether#minecraft:the_nether ...
[2024-11-20 13:21:04][FINE] Loading datapack...
[2024-11-20 13:21:04][FINE] Loading datapack from: bluemap/resourceExtensions.zip ...
[2024-11-20 13:21:04][FINE] Loading datapack from: bluemap/minecraft-client-1.21.3.jar ...
[2024-11-20 13:21:04][FINE] Baking datapack...
[2024-11-20 13:21:04][FINE] Datapack loaded.
[2024-11-20 13:21:04][INFO] Loading map 'boombastic_smp_nether'...
[2024-11-20 13:21:04][FINE] Loading render-state for map 'boombastic_smp_nether'
[2024-11-20 13:21:04][FINE] Loading textures for map 'boombastic_smp_nether'
[2024-11-20 13:21:05][FINE] Loading world Boombastic SMP#minecraft:overworld ...
[2024-11-20 13:21:05][FINE] Loading datapack...
[2024-11-20 13:21:05][FINE] Loading datapack from: Boombastic SMP/datapacks/bukkit ...
[2024-11-20 13:21:05][FINE] Loading datapack from: bluemap/resourceExtensions.zip ...
[2024-11-20 13:21:05][FINE] Loading datapack from: bluemap/minecraft-client-1.21.3.jar ...
[2024-11-20 13:21:05][FINE] Baking datapack...
[2024-11-20 13:21:05][FINE] Datapack loaded.
[2024-11-20 13:21:05][INFO] Loading map 'boombastic_smp'...
[2024-11-20 13:21:05][FINE] Loading render-state for map 'boombastic_smp'
[2024-11-20 13:21:05][FINE] Loading textures for map 'boombastic_smp'
[2024-11-20 13:21:06][INFO] WebServer bound to all network interfaces on port 8100
[2024-11-20 13:21:06][INFO] WebServer started.
[2024-11-20 13:21:06][FINE] Started watching map 'boombastic_smp_nether' for updates...
[2024-11-20 13:21:06][FINE] Started watching map 'boombastic_smp_the_end' for updates...
[2024-11-20 13:21:06][FINE] Started watching map 'boombastic_smp' for updates...
[2024-11-20 13:21:06][INFO] Loaded!
[2024-11-20 13:30:57][FINE] Scheduled update for region-file: (0, -1) (Map: boombastic_smp)
[2024-11-20 13:30:58][INFO] Stopping...
[2024-11-20 13:30:58][FINE] Stopped watching map 'boombastic_smp_the_end' for updates.
[2024-11-20 13:30:58][FINE] Stopped watching map 'boombastic_smp_nether' for updates.
[2024-11-20 13:30:58][FINE] Stopped watching map 'boombastic_smp' for updates.
